<?xml version="1.0" encoding="UTF-8"?>
<!-- Generated by org.testng.reporters.JUnitReportReporter -->
<testsuite skipped="0" hostname="nitunp-L" name="pack.TC_Login" tests="1" failures="0" timestamp="18 Oct 2016 16:39:47 GMT" time="18.437" errors="0">
  <testcase name="TC_login" time="18.437" classname="pack.TC_Login"/>
</testsuite> <!-- pack.TC_Login -->
