<?xml version="1.0" encoding="UTF-8"?>
<!-- Generated by org.testng.reporters.JUnitReportReporter -->
<testsuite skipped="0" hostname="nitunp-L" name="pack.TC_Login" tests="1" failures="0" timestamp="18 Oct 2016 15:28:34 GMT" time="27.997" errors="0">
  <testcase name="TC_login" time="27.997" classname="pack.TC_Login"/>
</testsuite> <!-- pack.TC_Login -->
