<?xml version="1.0" encoding="UTF-8"?>
<!-- Generated by org.testng.reporters.JUnitReportReporter -->
<testsuite skipped="0" hostname="nitunp-L" name="testCases.TC_Login" tests="1" failures="0" timestamp="31 Oct 2016 05:50:50 GMT" time="15.203" errors="0">
  <testcase name="TC_login" time="15.203" classname="testCases.TC_Login"/>
</testsuite> <!-- testCases.TC_Login -->
