<?xml version="1.0" encoding="UTF-8"?>
<!-- Generated by org.testng.reporters.JUnitReportReporter -->
<testsuite skipped="0" hostname="nitunp-L" name="testCases.try1" tests="1" failures="0" timestamp="7 Dec 2016 03:46:49 GMT" time="65.566" errors="0">
  <testcase name="try1" time="65.566" classname="testCases.try1"/>
</testsuite> <!-- testCases.try1 -->
