<?xml version="1.0" encoding="UTF-8"?>
<!-- Generated by org.testng.reporters.JUnitReportReporter -->
<testsuite skipped="0" hostname="Dreamania" name="DBConnection" tests="1" failures="0" timestamp="15 Oct 2016 06:53:15 GMT" time="0.045" errors="0">
  <testcase name="main" time="0.045" classname="DBConnection"/>
</testsuite> <!-- DBConnection -->
