<?xml version="1.0" encoding="UTF-8"?>
<!-- Generated by org.testng.reporters.JUnitReportReporter -->
<testsuite skipped="0" hostname="nitunp-L" name="pack.TC_CartVerification" tests="1" failures="0" timestamp="19 Oct 2016 16:58:33 GMT" time="40.711" errors="0">
  <testcase name="TC_CartVerification" time="40.711" classname="pack.TC_CartVerification"/>
</testsuite> <!-- pack.TC_CartVerification -->
