<?xml version="1.0" encoding="UTF-8"?>
<!-- Generated by org.testng.reporters.JUnitReportReporter -->
<testsuite skipped="0" hostname="nitunp-L" name="testCases.TC_Login" tests="1" failures="0" timestamp="11 Feb 2017 16:31:44 GMT" time="11.864" errors="0">
  <testcase name="TC_login" time="11.864" classname="testCases.TC_Login"/>
</testsuite> <!-- testCases.TC_Login -->
