<?xml version="1.0" encoding="UTF-8"?>
<!-- Generated by org.testng.reporters.JUnitReportReporter -->
<testsuite skipped="0" hostname="Dreamania" name="TC_Login" tests="1" failures="0" timestamp="15 Oct 2016 13:47:21 GMT" time="12.731" errors="0">
  <testcase name="TC_login" time="12.731" classname="TC_Login"/>
</testsuite> <!-- TC_Login -->
