<?xml version="1.0" encoding="UTF-8"?>
<!-- Generated by org.testng.reporters.JUnitReportReporter -->
<testsuite skipped="0" hostname="nitunp-L" name="testCases.TC_CartVerification" tests="1" failures="0" timestamp="7 Nov 2016 16:15:56 GMT" time="36.825" errors="0">
  <testcase name="TC_cartVerification" time="36.825" classname="testCases.TC_CartVerification"/>
</testsuite> <!-- testCases.TC_CartVerification -->
