<?xml version="1.0" encoding="UTF-8"?>
<!-- Generated by org.testng.reporters.JUnitReportReporter -->
<testsuite skipped="0" hostname="nitunp-L" name="pack.TestSuite1" tests="1" failures="0" timestamp="19 Oct 2016 17:21:38 GMT" time="80.830" errors="0">
  <testcase name="testSuite1" time="80.830" classname="pack.TestSuite1"/>
</testsuite> <!-- pack.TestSuite1 -->
